生成启动时间为 2012/4/26 15:49:15。
     1>项目“D:\Work\vibeBS\vibeBS\vibeBS.vcxproj”在节点 2 上(build 个目标)。
     1>InitializeBuildStatus:
         正在创建“Debug\vibeBS.unsuccessfulbuild”，因为已指定“AlwaysCreate”。
       ClCompile:
         所有输出均为最新。
       ManifestResourceCompile:
         所有输出均为最新。
       Link:
         所有输出均为最新。
       Manifest:
         所有输出均为最新。
       PostBuildEvent:
         copy  D:\Work\opencv\dll\*.dll D:\Work\vibeBS\Debug\
         :VCEnd
         D:\Work\opencv\dll\opencv_ffmpeg.dll
         已复制         1 个文件。
       FinalizeBuildStatus:
         正在删除文件“Debug\vibeBS.unsuccessfulbuild”。
         正在对“Debug\vibeBS.lastbuildstate”执行 Touch 任务。
     1>已完成生成项目“D:\Work\vibeBS\vibeBS\vibeBS.vcxproj”(build 个目标)的操作。

生成成功。

已用时间 00:00:00.06
